Created by PLY version 3.11 (http://www.dabeaz.com/ply)

Grammar

Rule 0     S' -> statement
Rule 1     statement -> VAR_DEFINE NAME = expression
Rule 2     statement -> CONST_DEFINE NAME = expression
Rule 3     statement -> VAR_DEFINE NAME
Rule 4     statement -> CONST_DEFINE NAME
Rule 5     statement -> NAME = expression
Rule 6     statement -> LOG expression
Rule 7     statement -> LOGTYPE NAME
Rule 8     statement -> LOGTYPE NUMBER
Rule 9     statement -> expression
Rule 10    expression -> expression + expression
Rule 11    expression -> expression - expression
Rule 12    expression -> expression * expression
Rule 13    expression -> expression / expression
Rule 14    expression -> ( expression )
Rule 15    expression -> NUMBER
Rule 16    expression -> NAME

Terminals, with rules where they appear

(                    : 14
)                    : 14
*                    : 12
+                    : 10
-                    : 11
/                    : 13
=                    : 1 2 5
CONST_DEFINE         : 2 4
LOG                  : 6
LOGTYPE              : 7 8
NAME                 : 1 2 3 4 5 7 16
NUMBER               : 8 15
VAR_DEFINE           : 1 3
error                : 

Nonterminals, with rules where they appear

expression           : 1 2 5 6 9 10 10 11 11 12 12 13 13 14
statement            : 0

Parsing method: LALR

state 0

    (0) S' -> . statement
    (1) statement -> . VAR_DEFINE NAME = expression
    (2) statement -> . CONST_DEFINE NAME = expression
    (3) statement -> . VAR_DEFINE NAME
    (4) statement -> . CONST_DEFINE NAME
    (5) statement -> . NAME = expression
    (6) statement -> . LOG expression
    (7) statement -> . LOGTYPE NAME
    (8) statement -> . LOGTYPE NUMBER
    (9) statement -> . expression
    (10) expression -> . expression + expression
    (11) expression -> . expression - expression
    (12) expression -> . expression * expression
    (13) expression -> . expression / expression
    (14) expression -> . ( expression )
    (15) expression -> . NUMBER
    (16) expression -> . NAME

    VAR_DEFINE      shift and go to state 2
    CONST_DEFINE    shift and go to state 5
    NAME            shift and go to state 3
    LOG             shift and go to state 6
    LOGTYPE         shift and go to state 7
    (               shift and go to state 9
    NUMBER          shift and go to state 8

    statement                      shift and go to state 1
    expression                     shift and go to state 4

state 1

    (0) S' -> statement .



state 2

    (1) statement -> VAR_DEFINE . NAME = expression
    (3) statement -> VAR_DEFINE . NAME

    NAME            shift and go to state 10


state 3

    (5) statement -> NAME . = expression
    (16) expression -> NAME .

    =               shift and go to state 11
    +               reduce using rule 16 (expression -> NAME .)
    -               reduce using rule 16 (expression -> NAME .)
    *               reduce using rule 16 (expression -> NAME .)
    /               reduce using rule 16 (expression -> NAME .)
    $end            reduce using rule 16 (expression -> NAME .)


state 4

    (9) statement -> expression .
    (10) expression -> expression . + expression
    (11) expression -> expression . - expression
    (12) expression -> expression . * expression
    (13) expression -> expression . / expression

    $end            reduce using rule 9 (statement -> expression .)
    +               shift and go to state 12
    -               shift and go to state 13
    *               shift and go to state 14
    /               shift and go to state 15


state 5

    (2) statement -> CONST_DEFINE . NAME = expression
    (4) statement -> CONST_DEFINE . NAME

    NAME            shift and go to state 16


state 6

    (6) statement -> LOG . expression
    (10) expression -> . expression + expression
    (11) expression -> . expression - expression
    (12) expression -> . expression * expression
    (13) expression -> . expression / expression
    (14) expression -> . ( expression )
    (15) expression -> . NUMBER
    (16) expression -> . NAME

    (               shift and go to state 9
    NUMBER          shift and go to state 8
    NAME            shift and go to state 18

    expression                     shift and go to state 17

state 7

    (7) statement -> LOGTYPE . NAME
    (8) statement -> LOGTYPE . NUMBER

    NAME            shift and go to state 19
    NUMBER          shift and go to state 20


state 8

    (15) expression -> NUMBER .

    +               reduce using rule 15 (expression -> NUMBER .)
    -               reduce using rule 15 (expression -> NUMBER .)
    *               reduce using rule 15 (expression -> NUMBER .)
    /               reduce using rule 15 (expression -> NUMBER .)
    $end            reduce using rule 15 (expression -> NUMBER .)
    )               reduce using rule 15 (expression -> NUMBER .)


state 9

    (14) expression -> ( . expression )
    (10) expression -> . expression + expression
    (11) expression -> . expression - expression
    (12) expression -> . expression * expression
    (13) expression -> . expression / expression
    (14) expression -> . ( expression )
    (15) expression -> . NUMBER
    (16) expression -> . NAME

    (               shift and go to state 9
    NUMBER          shift and go to state 8
    NAME            shift and go to state 18

    expression                     shift and go to state 21

state 10

    (1) statement -> VAR_DEFINE NAME . = expression
    (3) statement -> VAR_DEFINE NAME .

    =               shift and go to state 22
    $end            reduce using rule 3 (statement -> VAR_DEFINE NAME .)


state 11

    (5) statement -> NAME = . expression
    (10) expression -> . expression + expression
    (11) expression -> . expression - expression
    (12) expression -> . expression * expression
    (13) expression -> . expression / expression
    (14) expression -> . ( expression )
    (15) expression -> . NUMBER
    (16) expression -> . NAME

    (               shift and go to state 9
    NUMBER          shift and go to state 8
    NAME            shift and go to state 18

    expression                     shift and go to state 23

state 12

    (10) expression -> expression + . expression
    (10) expression -> . expression + expression
    (11) expression -> . expression - expression
    (12) expression -> . expression * expression
    (13) expression -> . expression / expression
    (14) expression -> . ( expression )
    (15) expression -> . NUMBER
    (16) expression -> . NAME

    (               shift and go to state 9
    NUMBER          shift and go to state 8
    NAME            shift and go to state 18

    expression                     shift and go to state 24

state 13

    (11) expression -> expression - . expression
    (10) expression -> . expression + expression
    (11) expression -> . expression - expression
    (12) expression -> . expression * expression
    (13) expression -> . expression / expression
    (14) expression -> . ( expression )
    (15) expression -> . NUMBER
    (16) expression -> . NAME

    (               shift and go to state 9
    NUMBER          shift and go to state 8
    NAME            shift and go to state 18

    expression                     shift and go to state 25

state 14

    (12) expression -> expression * . expression
    (10) expression -> . expression + expression
    (11) expression -> . expression - expression
    (12) expression -> . expression * expression
    (13) expression -> . expression / expression
    (14) expression -> . ( expression )
    (15) expression -> . NUMBER
    (16) expression -> . NAME

    (               shift and go to state 9
    NUMBER          shift and go to state 8
    NAME            shift and go to state 18

    expression                     shift and go to state 26

state 15

    (13) expression -> expression / . expression
    (10) expression -> . expression + expression
    (11) expression -> . expression - expression
    (12) expression -> . expression * expression
    (13) expression -> . expression / expression
    (14) expression -> . ( expression )
    (15) expression -> . NUMBER
    (16) expression -> . NAME

    (               shift and go to state 9
    NUMBER          shift and go to state 8
    NAME            shift and go to state 18

    expression                     shift and go to state 27

state 16

    (2) statement -> CONST_DEFINE NAME . = expression
    (4) statement -> CONST_DEFINE NAME .

    =               shift and go to state 28
    $end            reduce using rule 4 (statement -> CONST_DEFINE NAME .)


state 17

    (6) statement -> LOG expression .
    (10) expression -> expression . + expression
    (11) expression -> expression . - expression
    (12) expression -> expression . * expression
    (13) expression -> expression . / expression

    $end            reduce using rule 6 (statement -> LOG expression .)
    +               shift and go to state 12
    -               shift and go to state 13
    *               shift and go to state 14
    /               shift and go to state 15


state 18

    (16) expression -> NAME .

    +               reduce using rule 16 (expression -> NAME .)
    -               reduce using rule 16 (expression -> NAME .)
    *               reduce using rule 16 (expression -> NAME .)
    /               reduce using rule 16 (expression -> NAME .)
    $end            reduce using rule 16 (expression -> NAME .)
    )               reduce using rule 16 (expression -> NAME .)


state 19

    (7) statement -> LOGTYPE NAME .

    $end            reduce using rule 7 (statement -> LOGTYPE NAME .)


state 20

    (8) statement -> LOGTYPE NUMBER .

    $end            reduce using rule 8 (statement -> LOGTYPE NUMBER .)


state 21

    (14) expression -> ( expression . )
    (10) expression -> expression . + expression
    (11) expression -> expression . - expression
    (12) expression -> expression . * expression
    (13) expression -> expression . / expression

    )               shift and go to state 29
    +               shift and go to state 12
    -               shift and go to state 13
    *               shift and go to state 14
    /               shift and go to state 15


state 22

    (1) statement -> VAR_DEFINE NAME = . expression
    (10) expression -> . expression + expression
    (11) expression -> . expression - expression
    (12) expression -> . expression * expression
    (13) expression -> . expression / expression
    (14) expression -> . ( expression )
    (15) expression -> . NUMBER
    (16) expression -> . NAME

    (               shift and go to state 9
    NUMBER          shift and go to state 8
    NAME            shift and go to state 18

    expression                     shift and go to state 30

state 23

    (5) statement -> NAME = expression .
    (10) expression -> expression . + expression
    (11) expression -> expression . - expression
    (12) expression -> expression . * expression
    (13) expression -> expression . / expression

    $end            reduce using rule 5 (statement -> NAME = expression .)
    +               shift and go to state 12
    -               shift and go to state 13
    *               shift and go to state 14
    /               shift and go to state 15


state 24

    (10) expression -> expression + expression .
    (10) expression -> expression . + expression
    (11) expression -> expression . - expression
    (12) expression -> expression . * expression
    (13) expression -> expression . / expression

    +               reduce using rule 10 (expression -> expression + expression .)
    -               reduce using rule 10 (expression -> expression + expression .)
    $end            reduce using rule 10 (expression -> expression + expression .)
    )               reduce using rule 10 (expression -> expression + expression .)
    *               shift and go to state 14
    /               shift and go to state 15

  ! *               [ reduce using rule 10 (expression -> expression + expression .) ]
  ! /               [ reduce using rule 10 (expression -> expression + expression .) ]
  ! +               [ shift and go to state 12 ]
  ! -               [ shift and go to state 13 ]


state 25

    (11) expression -> expression - expression .
    (10) expression -> expression . + expression
    (11) expression -> expression . - expression
    (12) expression -> expression . * expression
    (13) expression -> expression . / expression

    +               reduce using rule 11 (expression -> expression - expression .)
    -               reduce using rule 11 (expression -> expression - expression .)
    $end            reduce using rule 11 (expression -> expression - expression .)
    )               reduce using rule 11 (expression -> expression - expression .)
    *               shift and go to state 14
    /               shift and go to state 15

  ! *               [ reduce using rule 11 (expression -> expression - expression .) ]
  ! /               [ reduce using rule 11 (expression -> expression - expression .) ]
  ! +               [ shift and go to state 12 ]
  ! -               [ shift and go to state 13 ]


state 26

    (12) expression -> expression * expression .
    (10) expression -> expression . + expression
    (11) expression -> expression . - expression
    (12) expression -> expression . * expression
    (13) expression -> expression . / expression

    +               reduce using rule 12 (expression -> expression * expression .)
    -               reduce using rule 12 (expression -> expression * expression .)
    *               reduce using rule 12 (expression -> expression * expression .)
    /               reduce using rule 12 (expression -> expression * expression .)
    $end            reduce using rule 12 (expression -> expression * expression .)
    )               reduce using rule 12 (expression -> expression * expression .)

  ! +               [ shift and go to state 12 ]
  ! -               [ shift and go to state 13 ]
  ! *               [ shift and go to state 14 ]
  ! /               [ shift and go to state 15 ]


state 27

    (13) expression -> expression / expression .
    (10) expression -> expression . + expression
    (11) expression -> expression . - expression
    (12) expression -> expression . * expression
    (13) expression -> expression . / expression

    +               reduce using rule 13 (expression -> expression / expression .)
    -               reduce using rule 13 (expression -> expression / expression .)
    *               reduce using rule 13 (expression -> expression / expression .)
    /               reduce using rule 13 (expression -> expression / expression .)
    $end            reduce using rule 13 (expression -> expression / expression .)
    )               reduce using rule 13 (expression -> expression / expression .)

  ! +               [ shift and go to state 12 ]
  ! -               [ shift and go to state 13 ]
  ! *               [ shift and go to state 14 ]
  ! /               [ shift and go to state 15 ]


state 28

    (2) statement -> CONST_DEFINE NAME = . expression
    (10) expression -> . expression + expression
    (11) expression -> . expression - expression
    (12) expression -> . expression * expression
    (13) expression -> . expression / expression
    (14) expression -> . ( expression )
    (15) expression -> . NUMBER
    (16) expression -> . NAME

    (               shift and go to state 9
    NUMBER          shift and go to state 8
    NAME            shift and go to state 18

    expression                     shift and go to state 31

state 29

    (14) expression -> ( expression ) .

    +               reduce using rule 14 (expression -> ( expression ) .)
    -               reduce using rule 14 (expression -> ( expression ) .)
    *               reduce using rule 14 (expression -> ( expression ) .)
    /               reduce using rule 14 (expression -> ( expression ) .)
    $end            reduce using rule 14 (expression -> ( expression ) .)
    )               reduce using rule 14 (expression -> ( expression ) .)


state 30

    (1) statement -> VAR_DEFINE NAME = expression .
    (10) expression -> expression . + expression
    (11) expression -> expression . - expression
    (12) expression -> expression . * expression
    (13) expression -> expression . / expression

    $end            reduce using rule 1 (statement -> VAR_DEFINE NAME = expression .)
    +               shift and go to state 12
    -               shift and go to state 13
    *               shift and go to state 14
    /               shift and go to state 15


state 31

    (2) statement -> CONST_DEFINE NAME = expression .
    (10) expression -> expression . + expression
    (11) expression -> expression . - expression
    (12) expression -> expression . * expression
    (13) expression -> expression . / expression

    $end            reduce using rule 2 (statement -> CONST_DEFINE NAME = expression .)
    +               shift and go to state 12
    -               shift and go to state 13
    *               shift and go to state 14
    /               shift and go to state 15

